{
	"ts": 1764373179,
	"metrics": [
	"Alloc",
	"BuckHashSys",
	"Frees",
	"GCCPUFraction",
	"GCSys",
	"HeapAlloc",
	"HeapIdle",
	"HeapInuse",
	"HeapObjects",
	"HeapReleased",
	"HeapSys",
	"LastGC",
	"Lookups",
	"MCacheInuse",
	"MCacheSys",
	"MSpanInuse",
	"MSpanSys",
	"Mallocs",
	"NextGC",
	"NumForcedGC",
	"NumGC",
	"OtherSys",
	"PauseTotalNs",
	"StackInuse",
	"StackSys",
	"Sys",
	"TotalAlloc",
	"RandomValue",
	"TotalMemory",
	"FreeMemory",
	"CPUutilization0",
	"CPUutilization1",
	"CPUutilization2",
	"CPUutilization3",
	"CPUutilization4",
	"CPUutilization5",
	"CPUutilization6",
	"CPUutilization7",
	"PollCount"
	],
	"ip_address": "127.0.0.1:56891"
	}
{
	"ts": 1764373189,
	"metrics": [
	"Alloc",
	"BuckHashSys",
	"Frees",
	"GCCPUFraction",
	"GCSys",
	"HeapAlloc",
	"HeapIdle",
	"HeapInuse",
	"HeapObjects",
	"HeapReleased",
	"HeapSys",
	"LastGC",
	"Lookups",
	"MCacheInuse",
	"MCacheSys",
	"MSpanInuse",
	"MSpanSys",
	"Mallocs",
	"NextGC",
	"NumForcedGC",
	"NumGC",
	"OtherSys",
	"PauseTotalNs",
	"StackInuse",
	"StackSys",
	"Sys",
	"TotalAlloc",
	"RandomValue",
	"TotalMemory",
	"FreeMemory",
	"CPUutilization0",
	"CPUutilization1",
	"CPUutilization2",
	"CPUutilization3",
	"CPUutilization4",
	"CPUutilization5",
	"CPUutilization6",
	"CPUutilization7",
	"PollCount"
	],
	"ip_address": "127.0.0.1:56895"
	}
{
	"ts": 1764373199,
	"metrics": [
	"Alloc",
	"BuckHashSys",
	"Frees",
	"GCCPUFraction",
	"GCSys",
	"HeapAlloc",
	"HeapIdle",
	"HeapInuse",
	"HeapObjects",
	"HeapReleased",
	"HeapSys",
	"LastGC",
	"Lookups",
	"MCacheInuse",
	"MCacheSys",
	"MSpanInuse",
	"MSpanSys",
	"Mallocs",
	"NextGC",
	"NumForcedGC",
	"NumGC",
	"OtherSys",
	"PauseTotalNs",
	"StackInuse",
	"StackSys",
	"Sys",
	"TotalAlloc",
	"RandomValue",
	"TotalMemory",
	"FreeMemory",
	"CPUutilization0",
	"CPUutilization1",
	"CPUutilization2",
	"CPUutilization3",
	"CPUutilization4",
	"CPUutilization5",
	"CPUutilization6",
	"CPUutilization7",
	"PollCount"
	],
	"ip_address": "127.0.0.1:56896"
	}
